#
# A fatal error has been detected by the Java Runtime Environment:
#
#  SIGSEGV (0xb) at pc=7fff87446491, pid=1365, tid=140735151157632
#
# JRE version: 7.0-b216
# Java VM: OpenJDK 64-Bit Server VM (21.0-b17 mixed mode bsd-amd64 compressed oops)
# Problematic frame:
# C  [AppKit+0x3a3491]  -[NSApplication _crashOnException:]+0x6a
#
# Failed to write core dump. Core dumps have been disabled. To enable core dumping, try "ulimit -c unlimited" before starting Java again
#
# If you would like to submit a bug report, please visit:
#   http://bugreport.sun.com/bugreport/crash.jsp
# The crash happened outside the Java Virtual Machine in native code.
# See problematic frame for where to report the bug.
#

---------------  T H R E A D  ---------------

Current thread (100818800):  JavaThread "AWT-AppKit" daemon [_thread_in_native, id=1957769600, stack(7fff5f400000,7fff5fc00000)]

siginfo:si_signo=SIGSEGV: si_errno=0, si_code=1 (SEGV_MAPERR), si_addr=00000008

Registers:
RAX=4304726528, RBX=4560723168, RCX=1, RDX=3569
RSP=140734799793920, RBP=140734799793936, RSI=0, RDI=4304730097
R8 =140735134978160, R9 =0, R10=4409107152, R11=4304726528
R12=140735137023584, R13=39, R14=140735447142976, R15=4560723168
RIP=140735462794385, EFLAGS=66054, ERR=6
  TRAPNO=14

Top of Stack: (sp=7fff5fbfcf00)
7fff5fbfcf00:   0000000102460010 0000000102460010
7fff5fbfcf10:   00007fff5fbfd030 00007fff87446792
7fff5fbfcf20:   000000010062ddb0 000000010fd71ce0
7fff5fbfcf30:   000000010fd72c50 000000010fd672a0
7fff5fbfcf40:   000000010247c0c0 000000010247c130
7fff5fbfcf50:   000000010247c1a0 000000010247c210
7fff5fbfcf60:   000000010247c270 000000010247c2d0
7fff5fbfcf70:   000000010247c330 000000010248b830
7fff5fbfcf80:   000000010248b8b0 000000010248b910
7fff5fbfcf90:   000000010247bda0 000000010247be40
7fff5fbfcfa0:   000000010247beb0 000000010247bf50
7fff5fbfcfb0:   000000010247bfd0 000000010247c040
7fff5fbfcfc0:   ffffffffffffffff 00007fff5fbfcf40
7fff5fbfcfd0:   00007fff5fbfcfd8 0000000000000027
7fff5fbfcfe0:   0000000000000000 0000000000000000
7fff5fbfcff0:   0000000000000000 0000000000000000
7fff5fbfd000:   e8d7a305d7a73ef1 000000010062ddb0
7fff5fbfd010:   0000000111d2c9c0 0000000100609600
7fff5fbfd020:   000000010fd71ce0 0000000102458050
7fff5fbfd030:   00007fff5fbfd080 00007fff871ef312
7fff5fbfd040:   746e65746e6f432f 00007fff73b7a1c0
7fff5fbfd050:   000000010062ddb0 000000010062ddb0
7fff5fbfd060:   0000000100123018 0000000100609678
7fff5fbfd070:   0000000107678048 0000000107678068
7fff5fbfd080:   00007fff5fbfd1a0 000000010761ad0f
7fff5fbfd090:   000000000000c644 0000000100007ac5
7fff5fbfd0a0:   0000000100122110 000000ff6c5415f0
7fff5fbfd0b0:   00007fff00000000 0000000107679450
7fff5fbfd0c0:   00007fff6c5467b8 00007fff904a3ef2
7fff5fbfd0d0:   00000000a1a1a1a1 00007fff750a2880
7fff5fbfd0e0:   0000000000012068 00007fff5fbfd230
7fff5fbfd0f0:   0000000000000000 0000000000000000 

Instructions: (pc=7fff87446491)
7fff87446471:   48 89 c7 ff 15 0e f4 7b ec 48 8b 35 7f 8f 90 ec
7fff87446481:   48 89 c7 ff 15 fe f3 7b ec 48 89 05 ff 08 9d ec
7fff87446491:   c6 04 25 08 00 00 00 01 30 db 31 ff 31 f6 30 c0
7fff874464a1:   e8 b7 30 ea ff 80 fb 01 75 05 e8 02 d7 54 00 5b 

Register to memory mapping:

RAX=4304726528 is an unknown value
RBX=4560723168 is an unknown value
RCX=1 is an unknown value
RDX=3569 is an unknown value
RSP=140734799793920 is pointing into the stack for thread: 4303456256
RBP=140734799793936 is pointing into the stack for thread: 4303456256
RSI=0 is an unknown value
RDI=4304730097 is an unknown value
R8 =7fff73ba5070: __CFGetConverter.lock+0 in /System/Library/Frameworks/CoreFoundation.framework/Versions/A/CoreFoundation at 7fff86365000
R9 =0 is an unknown value
R10=4409107152 is an unknown value
R11=4304726528 is an unknown value
R12=7fff73d98660: NSTextAlternativesSelectedAlternativeStringNotification+0x6948 in /System/Library/Frameworks/AppKit.framework/Versions/C/AppKit at 7fff870a3000
R13=39 is an unknown value
R14=7fff86559240: objc_msgSend+0 in /usr/lib/libobjc.A.dylib at 7fff86553000
R15=4560723168 is an unknown value


Stack: [7fff5f400000,7fff5fc00000],  sp=7fff5fbfcf00,  free space=8179k
Native frames: (J=compiled Java code, j=interpreted, Vv=VM code, C=native code)
C  [AppKit+0x3a3491]  -[NSApplication _crashOnException:]+0x6a
C  [AppKit+0x3a3792]  -[NSApplication _showException:]+0x2b2
C  [AppKit+0x14c312]  -[NSApplication run]+0x344
C  [liblwawt.dylib+0xdd0f]  __+[AWTStarter start:swtMode:swtModeForWebStart:]_block_invoke_1+0x568
C  [libdispatch.dylib+0x5f01]  _dispatch_call_block_and_release+0xf
C  [libdispatch.dylib+0x20b6]  _dispatch_client_callout+0x8
C  [libdispatch.dylib+0x70c8]  _dispatch_main_queue_callback_4CF+0x113
C  [CoreFoundation+0x35b4c]  __CFRunLoopRun+0x66c
C  [CoreFoundation+0x350e2]  CFRunLoopRunSpecific+0x122
C  [java+0x5b01]  CreateExecutionEnvironment+0x349
C  [java+0x1b1d]  JLI_Launch+0x78d
C  [java+0x787d]  main+0x6c
C  [java+0x1388]  start+0x34


---------------  P R O C E S S  ---------------

Java Threads: ( => current thread )
  1009c6800 JavaThread "Smack Keep Alive (2)" daemon [_thread_blocked, id=321413120, stack(113186000,113286000)]
  101172800 JavaThread "Smack Keep Alive (1)" daemon [_thread_blocked, id=317169664, stack(112d7a000,112e7a000)]
  106446000 JavaThread "Smack Keep Alive (0)" daemon [_thread_blocked, id=312926208, stack(11296e000,112a6e000)]
  100801000 JavaThread "TimerQueue" daemon [_thread_blocked, id=282435584, stack(110c5a000,110d5a000)]
  1010d4800 JavaThread "pool-1-thread-1" [_thread_blocked, id=280313856, stack(110a54000,110b54000)]
  106242800 JavaThread "Java2D Disposer" daemon [_thread_blocked, id=229646336, stack(10da02000,10db02000)]
  1060f1800 JavaThread "Java2D Queue Flusher" daemon [_thread_blocked, id=194519040, stack(10b882000,10b982000)]
  100819800 JavaThread "DestroyJavaVM" [_thread_blocked, id=39849984, stack(102501000,102601000)]
  10609e800 JavaThread "AWT-EventQueue-0" [_thread_in_Java, id=192811008, stack(10b6e1000,10b7e1000)]
  106087000 JavaThread "AWT-Shutdown" [_thread_blocked, id=125521920, stack(1076b5000,1077b5000)]
=>100818800 JavaThread "AWT-AppKit" daemon [_thread_in_native, id=1957769600, stack(7fff5f400000,7fff5fc00000)]
  101019800 JavaThread "Service Thread" daemon [_thread_blocked, id=121163776, stack(10728d000,10738d000)]
  101019000 JavaThread "C2 CompilerThread1" daemon [_thread_blocked, id=120102912, stack(10718a000,10728a000)]
  101018000 JavaThread "C2 CompilerThread0" daemon [_thread_blocked, id=119042048, stack(107087000,107187000)]
  101017000 JavaThread "Signal Dispatcher" daemon [_thread_blocked, id=117981184, stack(106f84000,107084000)]
  10282e000 JavaThread "Finalizer" daemon [_thread_blocked, id=114057216, stack(106bc6000,106cc6000)]
  10282d000 JavaThread "Reference Handler" daemon [_thread_blocked, id=112996352, stack(106ac3000,106bc3000)]

Other Threads:
  10600e000 VMThread [stack: 1069c0000,106ac0000] [id=111935488]
  101003000 WatcherThread [stack: 107390000,107490000] [id=122224640]

VM state:not at safepoint (normal execution)

VM Mutex/Monitor currently owned by a thread: None

Heap
 def new generation   total 5696K, used 2264K [33965473792, 33971896320, 34068234240)
  eden space 5120K,  32% used [33965473792, 33967202688, 33970716672)
  from space 576K, 100% used [33971306496, 33971896320, 33971896320)
  to   space 576K,   0% used [33970716672, 33970716672, 33971306496)
 tenured generation   total 12544K, used 10284K [34068234240, 34081079296, 34273755136)
   the space 12544K,  81% used [34068234240, 34078765376, 34078765568, 34081079296)
 compacting perm gen  total 21248K, used 21029K [34273755136, 34295513088, 34359738368)
   the space 21248K,  98% used [34273755136, 34295288992, 34295289344, 34295513088)
No shared spaces configured.

Code Cache  [4345298944, 4347854848, 4395630592)
 total_blobs=698 nmethods=175 adapters=475 free_code_cache=48203Kb largest_free_block=49313472

Dynamic libraries:
03547000 	/System/Library/Frameworks/Cocoa.framework/Versions/A/Cocoa
03547000 	/System/Library/Frameworks/Security.framework/Versions/A/Security
03547000 	/usr/lib/libz.1.dylib
03547000 	/usr/lib/libSystem.B.dylib
03547000 	/usr/lib/libobjc.A.dylib
03547000 	/System/Library/Frameworks/CoreFoundation.framework/Versions/A/CoreFoundation
03547000 	/System/Library/Frameworks/AppKit.framework/Versions/C/AppKit
03547000 	/System/Library/Frameworks/CoreData.framework/Versions/A/CoreData
03547000 	/System/Library/Frameworks/Foundation.framework/Versions/C/Foundation
03547000 	/System/Library/PrivateFrameworks/RemoteViewServices.framework/Versions/A/RemoteViewServices
03547000 	/System/Library/Frameworks/ApplicationServices.framework/Versions/A/ApplicationServices
03547000 	/System/Library/Frameworks/AudioToolbox.framework/Versions/A/AudioToolbox
03547000 	/System/Library/Frameworks/AudioUnit.framework/Versions/A/AudioUnit
03547000 	/System/Library/PrivateFrameworks/DataDetectorsCore.framework/Versions/A/DataDetectorsCore
03547000 	/System/Library/PrivateFrameworks/DesktopServicesPriv.framework/Versions/A/DesktopServicesPriv
03547000 	/System/Library/Frameworks/Carbon.framework/Versions/A/Frameworks/HIToolbox.framework/Versions/A/HIToolbox
03547000 	/System/Library/Frameworks/QuartzCore.framework/Versions/A/QuartzCore
03547000 	/System/Library/Frameworks/Carbon.framework/Versions/A/Frameworks/SpeechRecognition.framework/Versions/A/SpeechRecognition
03547000 	/usr/lib/libauto.dylib
03547000 	/usr/lib/libicucore.A.dylib
03547000 	/usr/lib/libxml2.2.dylib
03547000 	/System/Library/PrivateFrameworks/CoreUI.framework/Versions/A/CoreUI
03547000 	/System/Library/Frameworks/CoreAudio.framework/Versions/A/CoreAudio
03547000 	/System/Library/Frameworks/DiskArbitration.framework/Versions/A/DiskArbitration
03547000 	/usr/lib/liblangid.dylib
03547000 	/System/Library/PrivateFrameworks/MultitouchSupport.framework/Versions/A/MultitouchSupport
03547000 	/System/Library/Frameworks/IOKit.framework/Versions/A/IOKit
03547000 	/usr/lib/libDiagnosticMessagesClient.dylib
03547000 	/System/Library/Frameworks/CoreServices.framework/Versions/A/CoreServices
03547000 	/System/Library/PrivateFrameworks/PerformanceAnalysis.framework/Versions/A/PerformanceAnalysis
03547000 	/System/Library/PrivateFrameworks/GenerationalStorage.framework/Versions/A/GenerationalStorage
03547000 	/System/Library/Frameworks/OpenGL.framework/Versions/A/OpenGL
03547000 	/System/Library/Frameworks/CoreText.framework/Versions/A/CoreText
03547000 	/System/Library/Frameworks/ImageIO.framework/Versions/A/ImageIO
03547000 	/System/Library/PrivateFrameworks/Backup.framework/Versions/A/Backup
03547000 	/System/Library/Frameworks/CFNetwork.framework/Versions/A/CFNetwork
03547000 	/System/Library/Frameworks/SystemConfiguration.framework/Versions/A/SystemConfiguration
03547000 	/usr/lib/libCRFSuite.dylib
03547000 	/System/Library/PrivateFrameworks/TCC.framework/Versions/A/TCC
03547000 	/usr/lib/libc++.1.dylib
03547000 	/usr/lib/libc++abi.dylib
03547000 	/usr/lib/system/libcache.dylib
03547000 	/usr/lib/system/libcommonCrypto.dylib
03547000 	/usr/lib/system/libcompiler_rt.dylib
03547000 	/usr/lib/system/libcopyfile.dylib
03547000 	/usr/lib/system/libdispatch.dylib
03547000 	/usr/lib/system/libdnsinfo.dylib
03547000 	/usr/lib/system/libdyld.dylib
03547000 	/usr/lib/system/libkeymgr.dylib
03547000 	/usr/lib/system/liblaunch.dylib
03547000 	/usr/lib/system/libmacho.dylib
03547000 	/usr/lib/system/libquarantine.dylib
03547000 	/usr/lib/system/libremovefile.dylib
03547000 	/usr/lib/system/libsystem_blocks.dylib
03547000 	/usr/lib/system/libsystem_c.dylib
03547000 	/usr/lib/system/libsystem_dnssd.dylib
03547000 	/usr/lib/system/libsystem_info.dylib
03547000 	/usr/lib/system/libsystem_kernel.dylib
03547000 	/usr/lib/system/libsystem_m.dylib
03547000 	/usr/lib/system/libsystem_network.dylib
03547000 	/usr/lib/system/libsystem_notify.dylib
03547000 	/usr/lib/system/libsystem_sandbox.dylib
03547000 	/usr/lib/system/libunc.dylib
03547000 	/usr/lib/system/libunwind.dylib
03547000 	/usr/lib/system/libxpc.dylib
03547000 	/usr/lib/system/libcorecrypto.dylib
03547000 	/usr/lib/libstdc++.6.dylib
03547000 	/usr/lib/libbsm.0.dylib
03547000 	/usr/lib/libsqlite3.dylib
03547000 	/usr/lib/libxar.1.dylib
03547000 	/usr/lib/libpam.2.dylib
03547000 	/usr/lib/libOpenScriptingUtil.dylib
03547000 	/usr/lib/libbz2.1.0.dylib
03547000 	/System/Library/Frameworks/CoreServices.framework/Versions/A/Frameworks/CarbonCore.framework/Versions/A/CarbonCore
03547000 	/System/Library/Frameworks/CoreServices.framework/Versions/A/Frameworks/Metadata.framework/Versions/A/Metadata
03547000 	/System/Library/Frameworks/CoreServices.framework/Versions/A/Frameworks/OSServices.framework/Versions/A/OSServices
03547000 	/System/Library/Frameworks/CoreServices.framework/Versions/A/Frameworks/SearchKit.framework/Versions/A/SearchKit
03547000 	/System/Library/Frameworks/CoreServices.framework/Versions/A/Frameworks/AE.framework/Versions/A/AE
03547000 	/System/Library/Frameworks/CoreServices.framework/Versions/A/Frameworks/LaunchServices.framework/Versions/A/LaunchServices
03547000 	/System/Library/Frameworks/CoreServices.framework/Versions/A/Frameworks/DictionaryServices.framework/Versions/A/DictionaryServices
03547000 	/System/Library/Frameworks/NetFS.framework/Versions/A/NetFS
03547000 	/usr/lib/system/libkxld.dylib
03547000 	/System/Library/PrivateFrameworks/NetAuth.framework/Versions/A/NetAuth
03547000 	/System/Library/Frameworks/OpenDirectory.framework/Versions/A/Frameworks/CFOpenDirectory.framework/Versions/A/CFOpenDirectory
03547000 	/usr/lib/libxslt.1.dylib
03547000 	/System/Library/PrivateFrameworks/FamilyControls.framework/Versions/A/FamilyControls
03547000 	/System/Library/Frameworks/Carbon.framework/Versions/A/Frameworks/Ink.framework/Versions/A/Ink
03547000 	/System/Library/Frameworks/ApplicationServices.framework/Versions/A/Frameworks/CoreGraphics.framework/Versions/A/CoreGraphics
03547000 	/System/Library/Frameworks/ApplicationServices.framework/Versions/A/Frameworks/ATS.framework/Versions/A/ATS
03547000 	/System/Library/Frameworks/ApplicationServices.framework/Versions/A/Frameworks/ColorSync.framework/Versions/A/ColorSync
03547000 	/System/Library/Frameworks/ApplicationServices.framework/Versions/A/Frameworks/HIServices.framework/Versions/A/HIServices
03547000 	/System/Library/Frameworks/ApplicationServices.framework/Versions/A/Frameworks/LangAnalysis.framework/Versions/A/LangAnalysis
03547000 	/System/Library/Frameworks/ApplicationServices.framework/Versions/A/Frameworks/PrintCore.framework/Versions/A/PrintCore
03547000 	/System/Library/Frameworks/ApplicationServices.framework/Versions/A/Frameworks/QD.framework/Versions/A/QD
03547000 	/System/Library/Frameworks/ApplicationServices.framework/Versions/A/Frameworks/SpeechSynthesis.framework/Versions/A/SpeechSynthesis
03547000 	/System/Library/Frameworks/IOSurface.framework/Versions/A/IOSurface
03547000 	/System/Library/Frameworks/Accelerate.framework/Versions/A/Accelerate
03547000 	/System/Library/Frameworks/ApplicationServices.framework/Versions/A/Frameworks/ATS.framework/Versions/A/Resources/libFontParser.dylib
03547000 	/System/Library/Frameworks/ApplicationServices.framework/Versions/A/Frameworks/ATS.framework/Versions/A/Resources/libFontRegistry.dylib
03547000 	/System/Library/Frameworks/Accelerate.framework/Versions/A/Frameworks/vImage.framework/Versions/A/vImage
03547000 	/System/Library/Frameworks/Accelerate.framework/Versions/A/Frameworks/vecLib.framework/Versions/A/vecLib
03547000 	/System/Library/Frameworks/Accelerate.framework/Versions/A/Frameworks/vecLib.framework/Versions/A/libvDSP.dylib
03547000 	/System/Library/Frameworks/Accelerate.framework/Versions/A/Frameworks/vecLib.framework/Versions/A/libvMisc.dylib
03547000 	/System/Library/Frameworks/Accelerate.framework/Versions/A/Frameworks/vecLib.framework/Versions/A/libLAPACK.dylib
03547000 	/System/Library/Frameworks/Accelerate.framework/Versions/A/Frameworks/vecLib.framework/Versions/A/libBLAS.dylib
03547000 	/System/Library/Frameworks/ImageIO.framework/Versions/A/Resources/libJPEG.dylib
03547000 	/System/Library/Frameworks/ImageIO.framework/Versions/A/Resources/libTIFF.dylib
03547000 	/System/Library/Frameworks/ImageIO.framework/Versions/A/Resources/libPng.dylib
03547000 	/System/Library/Frameworks/ImageIO.framework/Versions/A/Resources/libGIF.dylib
03547000 	/System/Library/Frameworks/ImageIO.framework/Versions/A/Resources/libJP2.dylib
03547000 	/System/Library/Frameworks/ImageIO.framework/Versions/A/Resources/libRadiance.dylib
03547000 	/usr/lib/libcups.2.dylib
03547000 	/System/Library/Frameworks/Kerberos.framework/Versions/A/Kerberos
03547000 	/System/Library/Frameworks/GSS.framework/Versions/A/GSS
03547000 	/usr/lib/libresolv.9.dylib
03547000 	/usr/lib/libiconv.2.dylib
03547000 	/System/Library/PrivateFrameworks/Heimdal.framework/Versions/A/Heimdal
03547000 	/System/Library/PrivateFrameworks/TrustEvaluationAgent.framework/Versions/A/TrustEvaluationAgent
03547000 	/System/Library/Frameworks/OpenDirectory.framework/Versions/A/OpenDirectory
03547000 	/System/Library/PrivateFrameworks/CommonAuth.framework/Versions/A/CommonAuth
03547000 	/System/Library/PrivateFrameworks/Bom.framework/Versions/A/Bom
03547000 	/System/Library/Frameworks/CoreVideo.framework/Versions/A/CoreVideo
03547000 	/System/Library/Frameworks/QuartzCore.framework/Versions/A/Frameworks/CoreImage.framework/Versions/A/CoreImage
03547000 	/System/Library/Frameworks/QuartzCore.framework/Versions/A/Frameworks/ScalableUserInterface.framework/Versions/A/ScalableUserInterface
03547000 	/System/Library/Frameworks/OpenGL.framework/Versions/A/Libraries/libGLU.dylib
03547000 	/System/Library/Frameworks/OpenGL.framework/Versions/A/Libraries/libGFXShared.dylib
03547000 	/System/Library/Frameworks/OpenGL.framework/Versions/A/Libraries/libGL.dylib
03547000 	/System/Library/Frameworks/OpenGL.framework/Versions/A/Libraries/libGLImage.dylib
03547000 	/System/Library/Frameworks/OpenGL.framework/Versions/A/Libraries/libCVMSPluginSupport.dylib
03547000 	/System/Library/Frameworks/OpenGL.framework/Versions/A/Libraries/libCoreVMClient.dylib
03547000 	/System/Library/PrivateFrameworks/CrashReporterSupport.framework/Versions/A/CrashReporterSupport
03547000 	/System/Library/Frameworks/OpenCL.framework/Versions/A/OpenCL
03547000 	/System/Library/PrivateFrameworks/FaceCoreLight.framework/Versions/A/FaceCoreLight
03547000 	/System/Library/PrivateFrameworks/AppleFSCompression.framework/Versions/A/AppleFSCompression
03547000 	/System/Library/PrivateFrameworks/Ubiquity.framework/Versions/A/Ubiquity
03547000 	/System/Library/Frameworks/ServiceManagement.framework/Versions/A/ServiceManagement
03547000 	/System/Library/PrivateFrameworks/ChunkingLibrary.framework/Versions/A/ChunkingLibrary
03547000 	/System/Library/Frameworks/vecLib.framework/Versions/A/vecLib
03547000 	/System/Library/Frameworks/SecurityFoundation.framework/Versions/A/SecurityFoundation
03547000 	/System/Library/PrivateFrameworks/CommerceKit.framework/Versions/A/Frameworks/CommerceCore.framework/Versions/A/CommerceCore
03547000 	/System/Library/PrivateFrameworks/CoreSymbolication.framework/Versions/A/CoreSymbolication
03547000 	/System/Library/PrivateFrameworks/Symbolication.framework/Versions/A/Symbolication
03547000 	/System/Library/PrivateFrameworks/DebugSymbols.framework/Versions/A/DebugSymbols
101800000 	/Library/Java/JavaVirtualMachines/JDK 1.7.0 Developer Preview.jdk/Contents/Home/jre/lib/server/libjvm.dylib
1000a0000 	/Library/Java/JavaVirtualMachines/JDK 1.7.0 Developer Preview.jdk/Contents/Home/jre/lib/libverify.dylib
1000ad000 	/Library/Java/JavaVirtualMachines/JDK 1.7.0 Developer Preview.jdk/Contents/Home/jre/lib/libjava.dylib
1000e4000 	/Library/Java/JavaVirtualMachines/JDK 1.7.0 Developer Preview.jdk/Contents/Home/jre/lib/libzip.dylib
1007d5000 	/System/Library/Frameworks/JavaVM.framework/Frameworks/JavaRuntimeSupport.framework/JavaRuntimeSupport
1022de000 	/System/Library/Frameworks/JavaVM.framework/Versions/A/Frameworks/JavaNativeFoundation.framework/Versions/A/JavaNativeFoundation
1000ee000 	/System/Library/Frameworks/JavaVM.framework/Versions/A/JavaVM
03547000 	/System/Library/Frameworks/Carbon.framework/Versions/A/Carbon
1007ed000 	/System/Library/PrivateFrameworks/JavaLaunching.framework/Versions/A/JavaLaunching
03547000 	/System/Library/Frameworks/Carbon.framework/Versions/A/Frameworks/CommonPanels.framework/Versions/A/CommonPanels
03547000 	/System/Library/Frameworks/Carbon.framework/Versions/A/Frameworks/Help.framework/Versions/A/Help
03547000 	/System/Library/Frameworks/Carbon.framework/Versions/A/Frameworks/ImageCapture.framework/Versions/A/ImageCapture
03547000 	/System/Library/Frameworks/Carbon.framework/Versions/A/Frameworks/OpenScripting.framework/Versions/A/OpenScripting
03547000 	/System/Library/Frameworks/Carbon.framework/Versions/A/Frameworks/Print.framework/Versions/A/Print
03547000 	/System/Library/Frameworks/Carbon.framework/Versions/A/Frameworks/SecurityHI.framework/Versions/A/SecurityHI
107492000 	/Library/Java/JavaVirtualMachines/JDK 1.7.0 Developer Preview.jdk/Contents/Home/jre/lib/libawt.dylib
107541000 	/Library/Java/JavaVirtualMachines/JDK 1.7.0 Developer Preview.jdk/Contents/Home/jre/lib/./libmlib_image.dylib
10760d000 	/Library/Java/JavaVirtualMachines/JDK 1.7.0 Developer Preview.jdk/Contents/Home/jre/lib/lwawt/liblwawt.dylib
1027e8000 	/System/Library/Frameworks/ExceptionHandling.framework/Versions/A/ExceptionHandling
03547000 	/System/Library/PrivateFrameworks/CoreServicesInternal.framework/Versions/A/CoreServicesInternal
03547000 	/System/Library/PrivateFrameworks/Librarian.framework/Versions/A/Librarian
03547000 	/System/Library/Frameworks/ApplicationServices.framework/Versions/A/Frameworks/CoreGraphics.framework/Versions/A/Resources/libCSync.A.dylib
03547000 	/System/Library/CoreServices/RawCamera.bundle/Contents/MacOS/RawCamera
03547000 	/System/Library/Frameworks/ApplicationServices.framework/Versions/A/Frameworks/CoreGraphics.framework/Versions/A/Resources/libRIP.A.dylib
03547000 	/System/Library/Frameworks/ApplicationServices.framework/Versions/A/Frameworks/CoreGraphics.framework/Versions/A/Resources/libCGXType.A.dylib
108fa4000 	/Library/Java/JavaVirtualMachines/JDK 1.7.0 Developer Preview.jdk/Contents/Home/jre/lib/libfontmanager.dylib
10b653000 	/usr/X11/lib/libfreetype.6.dylib
10b878000 	/Library/Java/JavaVirtualMachines/JDK 1.7.0 Developer Preview.jdk/Contents/Home/jre/lib/libosxui.dylib
10b984000 	/System/Library/Frameworks/OpenGL.framework/Resources/GLEngine.bundle/GLEngine
10bb79000 	/System/Library/Frameworks/OpenGL.framework/Versions/A/Libraries/libGLProgrammability.dylib
10c800000 	/System/Library/Extensions/AppleIntelHD3000GraphicsGLDriver.bundle/Contents/MacOS/AppleIntelHD3000GraphicsGLDriver
10bd21000 	/System/Library/PrivateFrameworks/GPUSupport.framework/Versions/A/Libraries/libGPUSupport.dylib
10bd35000 	/System/Library/Frameworks/OpenGL.framework/Resources//GLRendererFloat.bundle/GLRendererFloat
10bd69000 	/System/Library/Frameworks/OpenCL.framework/Versions/A/Libraries/libcldcpuengine.dylib
03547000 	/System/Library/PrivateFrameworks/DiskImages.framework/Versions/A/DiskImages
03547000 	/System/Library/Frameworks/DiscRecording.framework/Versions/A/DiscRecording
03547000 	/usr/lib/libcurl.4.dylib
03547000 	/System/Library/PrivateFrameworks/MediaKit.framework/Versions/A/MediaKit
03547000 	/usr/lib/libssl.0.9.8.dylib
03547000 	/usr/lib/libcrypto.0.9.8.dylib
03547000 	/System/Library/Frameworks/LDAP.framework/Versions/A/LDAP
03547000 	/usr/lib/libsasl2.2.dylib
10dfe8000 	/Library/Java/JavaVirtualMachines/JDK 1.7.0 Developer Preview.jdk/Contents/Home/jre/lib/libnet.dylib
10dcee000 	/Library/Java/JavaVirtualMachines/JDK 1.7.0 Developer Preview.jdk/Contents/Home/jre/lib/libnio.dylib
10ffa7000 	/Library/Java/JavaVirtualMachines/JDK 1.7.0 Developer Preview.jdk/Contents/Home/jre/lib/libsunec.dylib

VM Arguments:
jvm_args: -Dfile.encoding=UTF-8 
java_command: de.tudresden.inf.rn.mobilis.server.MobilisServer
Launcher Type: SUN_STANDARD

Environment Variables:
PATH=/usr/bin:/bin:/usr/sbin:/sbin
SHELL=/bin/bash
DISPLAY=/tmp/launch-9L7588/org.macosforge.xquartz:0

Signal Handlers:
SIGSEGV: [libjvm.dylib+0x4782f1], sa_mask[0]=0xfffefeff, sa_flags=0x00000042
SIGBUS: [libjvm.dylib+0x4782f1], sa_mask[0]=0xfffefeff, sa_flags=0x00000042
SIGFPE: [libjvm.dylib+0x3a9e57], sa_mask[0]=0xfffefeff, sa_flags=0x00000042
SIGPIPE: [libjvm.dylib+0x3a9e57], sa_mask[0]=0xfffefeff, sa_flags=0x00000042
SIGXFSZ: [libjvm.dylib+0x3a9e57], sa_mask[0]=0xfffefeff, sa_flags=0x00000042
SIGILL: [libjvm.dylib+0x3a9e57], sa_mask[0]=0xfffefeff, sa_flags=0x00000042
SIGUSR1: SIG_DFL, sa_mask[0]=0x00000000, sa_flags=0x00000002
SIGUSR2: [libjvm.dylib+0x3a9a40], sa_mask[0]=0x00000004, sa_flags=0x00000042
SIGHUP: [libjvm.dylib+0x3a8885], sa_mask[0]=0xfffefeff, sa_flags=0x00000042
SIGINT: [libjvm.dylib+0x3a8885], sa_mask[0]=0xfffefeff, sa_flags=0x00000042
SIGTERM: [libjvm.dylib+0x3a8885], sa_mask[0]=0xfffefeff, sa_flags=0x00000042
SIGQUIT: [libjvm.dylib+0x3a8885], sa_mask[0]=0xfffefeff, sa_flags=0x00000042


---------------  S Y S T E M  ---------------

OS:Bsd
uname:Darwin 12.3.0 Darwin Kernel Version 12.3.0: Sun Jan  6 22:37:10 PST 2013; root:xnu-2050.22.13~1/RELEASE_X86_64 x86_64
rlimit: STACK 8192k, CORE 0k, NPROC 709, NOFILE 10240
CPU:total 4 (2 cores per cpu, 2 threads per core) family 6 model 42 stepping 7, cmov, cx8, fxsr, mmx, sse, sse2, sse3, ssse3, sse4.1, sse4.2, popcnt, ht

Memory: 4k page, physical 1200804k(300201k free)

/proc/meminfo:


vm_info: OpenJDK 64-Bit Server VM (21.0-b17) for bsd-amd64 JRE (1.7.0-ea-b216), built on Nov  2 2011 10:04:54 by "java_re" with gcc 4.2.1 (Based on Apple Inc. build 5658) (LLVM build 2335.6)

time: Fri Apr  5 11:27:49 2013
elapsed time: 2476 seconds

